<?xml version="1.0" encoding="UTF-8"?>
<testsuite xmlns:xsi="http://www.w3.org/2001/XMLSchema-instance" xsi:noNamespaceSchemaLocation="https://maven.apache.org/surefire/maven-surefire-plugin/xsd/surefire-test-report.xsd" name="group10.CloneTest" time="4.517" tests="2" errors="0" skipped="0" failures="0">
  <properties>
[...]
</properties>
  <testcase name="cloneTest" classname="group10.CloneTest" time="3.034"/>
  <testcase name="branchNotExistTest" classname="group10.CloneTest" time="1.453"/>
</testsuite>